<?xml version="1.0" encoding="UTF-8"?>
<!-- Generated by org.testng.reporters.JUnitXMLReporter -->
<testsuite hostname="DESKTOP-OUBE3OH" failures="0" tests="8" name="Command line test f3c795d3-1b9a-41e9-9488-4d919a8a2b26" time="38.408" errors="0" timestamp="23 Dec 2023 18:13:33 GMT">
  <testcase classname="org.testing.TestScripts.Final_TC1" name="@BeforeMethod TestCase_TC1_Login" time="0.0">
    <failure type="org.openqa.selenium.NoSuchElementException" message="no such element: Unable to locate element: {&amp;quot;method&amp;quot;:&amp;quot;xpath&amp;quot;,&amp;quot;selector&amp;quot;:&amp;quot;//input[@type=&amp;apos;password&amp;apos;]&amp;quot;}
  (Session info: chrome=120.0.6099.110)
For documentation on this error, please visit: https://www.selenium.dev/documentation/webdriver/troubleshooting/errors#no-such-element-exception
Build info: version: &amp;apos;4.15.0&amp;apos;, revision: &amp;apos;1d14b5521b&amp;apos;
System info: os.name: &amp;apos;Windows 10&amp;apos;, os.arch: &amp;apos;amd64&amp;apos;, os.version: &amp;apos;10.0&amp;apos;, java.version: &amp;apos;20.0.2&amp;apos;
Driver info: org.openqa.selenium.chrome.ChromeDriver
Command: [7cf0ce86a431b4cc73589382a25c061d, findElement {using=xpath, value=//input[@type=&amp;apos;password&amp;apos;]}]
Capabilities {acceptInsecureCerts: false, browserName: chrome, browserVersion: 120.0.6099.110, chrome: {chromedriverVersion: 120.0.6099.109 (3419140ab66..., userDataDir: C:\WINDOWS\SystemTemp\scope...}, fedcm:accounts: true, goog:chromeOptions: {debuggerAddress: localhost:57675}, networkConnectionEnabled: false, pageLoadStrategy: normal, platformName: windows, proxy: Proxy(), se:cdp: ws://localhost:57675/devtoo..., se:cdpVersion: 120.0.6099.110, setWindowRect: true, strictFileInteractability: false, timeouts: {implicit: 0, pageLoad: 300000, script: 30000}, unhandledPromptBehavior: dismiss and notify, webauthn:extension:credBlob: true, webauthn:extension:largeBlob: true, webauthn:extension:minPinLength: true, webauthn:extension:prf: true, webauthn:virtualAuthenticators: true}
Session ID: 7cf0ce86a431b4cc73589382a25c061d">
      <![CDATA[org.openqa.selenium.NoSuchElementException: no such element: Unable to locate element: {"method":"xpath","selector":"//input[@type='password']"}
  (Session info: chrome=120.0.6099.110)
For documentation on this error, please visit: https://www.selenium.dev/documentation/webdriver/troubleshooting/errors#no-such-element-exception
Build info: version: '4.15.0', revision: '1d14b5521b'
System info: os.name: 'Windows 10', os.arch: 'amd64', os.version: '10.0', java.version: '20.0.2'
Driver info: org.openqa.selenium.chrome.ChromeDriver
Command: [7cf0ce86a431b4cc73589382a25c061d, findElement {using=xpath, value=//input[@type='password']}]
Capabilities {acceptInsecureCerts: false, browserName: chrome, browserVersion: 120.0.6099.110, chrome: {chromedriverVersion: 120.0.6099.109 (3419140ab66..., userDataDir: C:\WINDOWS\SystemTemp\scope...}, fedcm:accounts: true, goog:chromeOptions: {debuggerAddress: localhost:57675}, networkConnectionEnabled: false, pageLoadStrategy: normal, platformName: windows, proxy: Proxy(), se:cdp: ws://localhost:57675/devtoo..., se:cdpVersion: 120.0.6099.110, setWindowRect: true, strictFileInteractability: false, timeouts: {implicit: 0, pageLoad: 300000, script: 30000}, unhandledPromptBehavior: dismiss and notify, webauthn:extension:credBlob: true, webauthn:extension:largeBlob: true, webauthn:extension:minPinLength: true, webauthn:extension:prf: true, webauthn:virtualAuthenticators: true}
Session ID: 7cf0ce86a431b4cc73589382a25c061d
	at org.openqa.selenium.remote.codec.w3c.W3CHttpResponseCodec.createException(W3CHttpResponseCodec.java:200)
	at org.openqa.selenium.remote.codec.w3c.W3CHttpResponseCodec.decode(W3CHttpResponseCodec.java:133)
	at org.openqa.selenium.remote.codec.w3c.W3CHttpResponseCodec.decode(W3CHttpResponseCodec.java:52)
	at org.openqa.selenium.remote.HttpCommandExecutor.execute(HttpCommandExecutor.java:191)
	at org.openqa.selenium.remote.service.DriverCommandExecutor.invokeExecute(DriverCommandExecutor.java:200)
	at org.openqa.selenium.remote.service.DriverCommandExecutor.execute(DriverCommandExecutor.java:175)
	at org.openqa.selenium.remote.RemoteWebDriver.execute(RemoteWebDriver.java:607)
	at org.openqa.selenium.remote.ElementLocation$ElementFinder$2.findElement(ElementLocation.java:165)
	at org.openqa.selenium.remote.ElementLocation.findElement(ElementLocation.java:59)
	at org.openqa.selenium.remote.RemoteWebDriver.findElement(RemoteWebDriver.java:364)
	at org.openqa.selenium.remote.RemoteWebDriver.findElement(RemoteWebDriver.java:358)
	at org.testing.Pages.Login_Page.sign_in(Login_Page.java:41)
	at org.testing.TestScripts.Final_TC1.TestCase_TC1_Login(Final_TC1.java:23)
	at org.testing.trigger.Runner.main(Runner.java:53)
... Removed 24 stack frames]]>
    </failure>
  </testcase> <!-- @BeforeMethod TestCase_TC1_Login -->
  <testcase classname="org.testing.TestScripts.Final_TC1" name="@AfterMethod TestCase_TC1_Logout" time="0.0">
    <skipped/>
  </testcase> <!-- @AfterMethod TestCase_TC1_Logout -->
  <testcase classname="org.testing.TestScripts.Final_TC1" name="@AfterClass browser_close" time="0.0">
    <skipped/>
  </testcase> <!-- @AfterClass browser_close -->
  <testcase classname="org.testing.TestScripts.Final_TC2" name="@BeforeClass browser_launch" time="0.0">
    <skipped/>
  </testcase> <!-- @BeforeClass browser_launch -->
  <testcase classname="org.testing.TestScripts.Final_TC2" name="@BeforeMethod TestCase_TC1_Login" time="0.0">
    <skipped/>
  </testcase> <!-- @BeforeMethod TestCase_TC1_Login -->
  <testcase classname="org.testing.TestScripts.Final_TC2" name="@AfterMethod TestCase_TC1_Logout" time="0.0">
    <skipped/>
  </testcase> <!-- @AfterMethod TestCase_TC1_Logout -->
  <testcase classname="org.testing.TestScripts.Final_TC2" name="@AfterClass browser_close" time="0.0">
    <skipped/>
  </testcase> <!-- @AfterClass browser_close -->
  <testcase classname="org.testing.TestScripts.Final_TC3" name="@BeforeClass browser_launch" time="0.0">
    <skipped/>
  </testcase> <!-- @BeforeClass browser_launch -->
  <testcase classname="org.testing.TestScripts.Final_TC3" name="@BeforeMethod TestCase_TC1_Login" time="0.0">
    <skipped/>
  </testcase> <!-- @BeforeMethod TestCase_TC1_Login -->
  <testcase classname="org.testing.TestScripts.Final_TC3" name="@AfterMethod TestCase_TC1_Logout" time="0.0">
    <skipped/>
  </testcase> <!-- @AfterMethod TestCase_TC1_Logout -->
  <testcase classname="org.testing.TestScripts.Final_TC3" name="@AfterClass browser_close" time="0.0">
    <skipped/>
  </testcase> <!-- @AfterClass browser_close -->
  <testcase classname="org.testing.TestScripts.Final_TC4" name="@BeforeClass browser_launch" time="0.0">
    <skipped/>
  </testcase> <!-- @BeforeClass browser_launch -->
  <testcase classname="org.testing.TestScripts.Final_TC4" name="@BeforeMethod TestCase_TC1_Login" time="0.0">
    <skipped/>
  </testcase> <!-- @BeforeMethod TestCase_TC1_Login -->
  <testcase classname="org.testing.TestScripts.Final_TC4" name="@AfterMethod TestCase_TC1_Logout" time="0.0">
    <skipped/>
  </testcase> <!-- @AfterMethod TestCase_TC1_Logout -->
  <testcase classname="org.testing.TestScripts.Final_TC4" name="@AfterClass browser_close" time="0.0">
    <skipped/>
  </testcase> <!-- @AfterClass browser_close -->
  <testcase classname="org.testing.TestScripts.Final_TC5" name="@BeforeClass browser_launch" time="0.0">
    <skipped/>
  </testcase> <!-- @BeforeClass browser_launch -->
  <testcase classname="org.testing.TestScripts.Final_TC5" name="@BeforeMethod TestCase_TC1_Login" time="0.0">
    <skipped/>
  </testcase> <!-- @BeforeMethod TestCase_TC1_Login -->
  <testcase classname="org.testing.TestScripts.Final_TC5" name="@AfterMethod TestCase_TC1_Logout" time="0.0">
    <skipped/>
  </testcase> <!-- @AfterMethod TestCase_TC1_Logout -->
  <testcase classname="org.testing.TestScripts.Final_TC5" name="@AfterClass browser_close" time="0.0">
    <skipped/>
  </testcase> <!-- @AfterClass browser_close -->
  <testcase classname="org.testing.TestScripts.Final_TC6" name="@BeforeClass browser_launch" time="0.0">
    <skipped/>
  </testcase> <!-- @BeforeClass browser_launch -->
  <testcase classname="org.testing.TestScripts.Final_TC6" name="@BeforeMethod TestCase_TC1_Login" time="0.0">
    <skipped/>
  </testcase> <!-- @BeforeMethod TestCase_TC1_Login -->
  <testcase classname="org.testing.TestScripts.Final_TC6" name="@AfterMethod TestCase_TC1_Logout" time="0.0">
    <skipped/>
  </testcase> <!-- @AfterMethod TestCase_TC1_Logout -->
  <testcase classname="org.testing.TestScripts.Final_TC6" name="@AfterClass browser_close" time="0.0">
    <skipped/>
  </testcase> <!-- @AfterClass browser_close -->
  <testcase classname="org.testing.TestScripts.Final_TC7" name="@BeforeClass browser_launch" time="0.0">
    <skipped/>
  </testcase> <!-- @BeforeClass browser_launch -->
  <testcase classname="org.testing.TestScripts.Final_TC7" name="@BeforeMethod TestCase_TC1_Login" time="0.0">
    <skipped/>
  </testcase> <!-- @BeforeMethod TestCase_TC1_Login -->
  <testcase classname="org.testing.TestScripts.Final_TC7" name="@AfterMethod TestCase_TC1_Logout" time="0.0">
    <skipped/>
  </testcase> <!-- @AfterMethod TestCase_TC1_Logout -->
  <testcase classname="org.testing.TestScripts.Final_TC7" name="@AfterClass browser_close" time="0.0">
    <skipped/>
  </testcase> <!-- @AfterClass browser_close -->
  <testcase classname="org.testing.TestScripts.Final_TC8" name="@BeforeClass browser_launch" time="0.0">
    <skipped/>
  </testcase> <!-- @BeforeClass browser_launch -->
  <testcase classname="org.testing.TestScripts.Final_TC8" name="@BeforeMethod TestCase_TC1_Login" time="0.0">
    <skipped/>
  </testcase> <!-- @BeforeMethod TestCase_TC1_Login -->
  <testcase classname="org.testing.TestScripts.Final_TC8" name="@AfterMethod TestCase_TC1_Logout" time="0.0">
    <skipped/>
  </testcase> <!-- @AfterMethod TestCase_TC1_Logout -->
  <testcase classname="org.testing.TestScripts.Final_TC8" name="@AfterClass browser_close" time="0.0">
    <skipped/>
  </testcase> <!-- @AfterClass browser_close -->
  <testcase classname="org.testing.TestScripts.Final_TC1" name="Trending_Click" time="0.0">
    <skipped/>
  </testcase> <!-- Trending_Click -->
  <testcase classname="org.testing.TestScripts.Final_TC2" name="Click_History" time="0.001">
    <skipped/>
  </testcase> <!-- Click_History -->
  <testcase classname="org.testing.TestScripts.Final_TC3" name="Click_Subscription" time="0.0">
    <skipped/>
  </testcase> <!-- Click_Subscription -->
  <testcase classname="org.testing.TestScripts.Final_TC4" name="videoplay_and_Like" time="0.0">
    <skipped/>
  </testcase> <!-- videoplay_and_Like -->
  <testcase classname="org.testing.TestScripts.Final_TC5" name="VideoPlay_and_Channel_Subscribe" time="0.0">
    <skipped/>
  </testcase> <!-- VideoPlay_and_Channel_Subscribe -->
  <testcase classname="org.testing.TestScripts.Final_TC6" name="video_play_and_Comment" time="0.0">
    <skipped/>
  </testcase> <!-- video_play_and_Comment -->
  <testcase classname="org.testing.TestScripts.Final_TC7" name="Click_Watch_Later" time="0.0">
    <skipped/>
  </testcase> <!-- Click_Watch_Later -->
  <testcase classname="org.testing.TestScripts.Final_TC8" name="Click_Learning" time="0.0">
    <skipped/>
  </testcase> <!-- Click_Learning -->
</testsuite> <!-- Command line test f3c795d3-1b9a-41e9-9488-4d919a8a2b26 -->
