<html>
<head>
<title>TestNG:  Command line test 12704414-315c-43d3-804b-3f4e556cb6e6</title>
<link href="../testng.css" rel="stylesheet" type="text/css" />
<link href="../my-testng.css" rel="stylesheet" type="text/css" />

<style type="text/css">
.log { display: none;} 
.stack-trace { display: none;} 
</style>
<script type="text/javascript">
<!--
function flip(e) {
  current = e.style.display;
  if (current == 'block') {
    e.style.display = 'none';
    return 0;
  }
  else {
    e.style.display = 'block';
    return 1;
  }
}

function toggleBox(szDivId, elem, msg1, msg2)
{
  var res = -1;  if (document.getElementById) {
    res = flip(document.getElementById(szDivId));
  }
  else if (document.all) {
    // this is the way old msie versions work
    res = flip(document.all[szDivId]);
  }
  if(elem) {
    if(res == 0) elem.innerHTML = msg1; else elem.innerHTML = msg2;
  }

}

function toggleAllBoxes() {
  if (document.getElementsByTagName) {
    d = document.getElementsByTagName('div');
    for (i = 0; i < d.length; i++) {
      if (d[i].className == 'log') {
        flip(d[i]);
      }
    }
  }
}

// -->
</script>

</head>
<body>
<h2 align='center'>Command line test 12704414-315c-43d3-804b-3f4e556cb6e6</h2><table border='1' align="center">
<tr>
<td>Tests passed/Failed/Skipped:</td><td>0/0/8</td>
</tr><tr>
<td>Started on:</td><td>Sun Dec 24 19:06:10 PST 2023</td>
</tr>
<tr><td>Total time:</td><td>5 seconds (5785 ms)</td>
</tr><tr>
<td>Included groups:</td><td></td>
</tr><tr>
<td>Excluded groups:</td><td></td>
</tr>
</table><p/>
<small><i>(Hover the method name to see the test class name)</i></small><p/>
<table width='100%' border='1' class='invocation-failed'>
<tr><td colspan='4' align='center'><b>FAILED CONFIGURATIONS</b></td></tr>
<tr><td><b>Test method</b></td>
<td width="30%"><b>Exception</b></td>
<td width="10%"><b>Time (seconds)</b></td>
<td><b>Instance</b></td>
</tr>
<tr>
<td title='org.testing.TestScripts.Final_TC1.browser_launch()'><b>browser_launch</b><br>Test class: org.testing.TestScripts.Final_TC1</td>
<td><div><pre>org.openqa.selenium.SessionNotCreatedException: Could not start a new session. Response code 500. Message: session not created: Chrome failed to start: exited normally.
  (session not created: DevToolsActivePort file doesn&apos;t exist)
  (The process started from chrome location C:\Program Files\Google\Chrome\Application\chrome.exe is no longer running, so ChromeDriver is assuming that Chrome has crashed.) 
Host info: host: &apos;DESKTOP-OUBE3OH&apos;, ip: &apos;192.168.0.113&apos;
Build info: version: &apos;4.15.0&apos;, revision: &apos;1d14b5521b&apos;
System info: os.name: &apos;Windows 10&apos;, os.arch: &apos;amd64&apos;, os.version: &apos;10.0&apos;, java.version: &apos;20.0.2&apos;
Driver info: org.openqa.selenium.chrome.ChromeDriver
Command: [null, newSession {capabilities=[Capabilities {browserName: chrome, goog:chromeOptions: {args: [--remote-allow-origins=*, --disable-notifications], binary: C:\Program Files\Google\Chr..., extensions: []}}]}]
	at org.openqa.selenium.remote.ProtocolHandshake.createSession(ProtocolHandshake.java:140)
	at org.openqa.selenium.remote.ProtocolHandshake.createSession(ProtocolHandshake.java:96)
	at org.openqa.selenium.remote.ProtocolHandshake.createSession(ProtocolHandshake.java:68)
	at org.openqa.selenium.remote.HttpCommandExecutor.execute(HttpCommandExecutor.java:163)
	at org.openqa.selenium.remote.service.DriverCommandExecutor.invokeExecute(DriverCommandExecutor.java:200)
	at org.openqa.selenium.remote.service.DriverCommandExecutor.execute(DriverCommandExecutor.java:175)
	at org.openqa.selenium.remote.RemoteWebDriver.execute(RemoteWebDriver.java:607)
	at org.openqa.selenium.remote.RemoteWebDriver.startSession(RemoteWebDriver.java:241)
	at org.openqa.selenium.remote.RemoteWebDriver.&lt;init&gt;(RemoteWebDriver.java:168)
	at org.openqa.selenium.chromium.ChromiumDriver.&lt;init&gt;(ChromiumDriver.java:108)
	at org.openqa.selenium.chrome.ChromeDriver.&lt;init&gt;(ChromeDriver.java:89)
	at org.openqa.selenium.chrome.ChromeDriver.&lt;init&gt;(ChromeDriver.java:84)
	at org.openqa.selenium.chrome.ChromeDriver.&lt;init&gt;(ChromeDriver.java:73)
	at org.testing.Base.Base.browser_launch(Base.java:38)
	at org.testing.trigger.Runner.main(Runner.java:53)
... Removed 19 stack frames</pre></div><a href='#' onClick='toggleBox("stack-trace337799666", this, "Click to show all stack frames", "Click to hide stack frames")'>Click to show all stack frames</a>
<div class='stack-trace' id='stack-trace337799666'><pre>org.openqa.selenium.SessionNotCreatedException: Could not start a new session. Response code 500. Message: session not created: Chrome failed to start: exited normally.
  (session not created: DevToolsActivePort file doesn&apos;t exist)
  (The process started from chrome location C:\Program Files\Google\Chrome\Application\chrome.exe is no longer running, so ChromeDriver is assuming that Chrome has crashed.) 
Host info: host: &apos;DESKTOP-OUBE3OH&apos;, ip: &apos;192.168.0.113&apos;
Build info: version: &apos;4.15.0&apos;, revision: &apos;1d14b5521b&apos;
System info: os.name: &apos;Windows 10&apos;, os.arch: &apos;amd64&apos;, os.version: &apos;10.0&apos;, java.version: &apos;20.0.2&apos;
Driver info: org.openqa.selenium.chrome.ChromeDriver
Command: [null, newSession {capabilities=[Capabilities {browserName: chrome, goog:chromeOptions: {args: [--remote-allow-origins=*, --disable-notifications], binary: C:\Program Files\Google\Chr..., extensions: []}}]}]
	at org.openqa.selenium.remote.ProtocolHandshake.createSession(ProtocolHandshake.java:140)
	at org.openqa.selenium.remote.ProtocolHandshake.createSession(ProtocolHandshake.java:96)
	at org.openqa.selenium.remote.ProtocolHandshake.createSession(ProtocolHandshake.java:68)
	at org.openqa.selenium.remote.HttpCommandExecutor.execute(HttpCommandExecutor.java:163)
	at org.openqa.selenium.remote.service.DriverCommandExecutor.invokeExecute(DriverCommandExecutor.java:200)
	at org.openqa.selenium.remote.service.DriverCommandExecutor.execute(DriverCommandExecutor.java:175)
	at org.openqa.selenium.remote.RemoteWebDriver.execute(RemoteWebDriver.java:607)
	at org.openqa.selenium.remote.RemoteWebDriver.startSession(RemoteWebDriver.java:241)
	at org.openqa.selenium.remote.RemoteWebDriver.&lt;init&gt;(RemoteWebDriver.java:168)
	at org.openqa.selenium.chromium.ChromiumDriver.&lt;init&gt;(ChromiumDriver.java:108)
	at org.openqa.selenium.chrome.ChromeDriver.&lt;init&gt;(ChromeDriver.java:89)
	at org.openqa.selenium.chrome.ChromeDriver.&lt;init&gt;(ChromeDriver.java:84)
	at org.openqa.selenium.chrome.ChromeDriver.&lt;init&gt;(ChromeDriver.java:73)
	at org.testing.Base.Base.browser_launch(Base.java:38)
	at java.base/jdk.internal.reflect.DirectMethodHandleAccessor.invoke(DirectMethodHandleAccessor.java:104)
	at java.base/java.lang.reflect.Method.invoke(Method.java:578)
	at org.testng.internal.MethodInvocationHelper.invokeMethod(MethodInvocationHelper.java:86)
	at org.testng.internal.Invoker.invokeConfigurationMethod(Invoker.java:514)
	at org.testng.internal.Invoker.invokeConfigurations(Invoker.java:215)
	at org.testng.internal.Invoker.invokeConfigurations(Invoker.java:142)
	at org.testng.internal.TestMethodWorker.invokeBeforeClassMethods(TestMethodWorker.java:178)
	at org.testng.internal.TestMethodWorker.run(TestMethodWorker.java:108)
	at org.testng.TestRunner.privateRun(TestRunner.java:782)
	at org.testng.TestRunner.run(TestRunner.java:632)
	at org.testng.SuiteRunner.runTest(SuiteRunner.java:366)
	at org.testng.SuiteRunner.runSequentially(SuiteRunner.java:361)
	at org.testng.SuiteRunner.privateRun(SuiteRunner.java:319)
	at org.testng.SuiteRunner.run(SuiteRunner.java:268)
	at org.testng.SuiteRunnerWorker.runSuite(SuiteRunnerWorker.java:52)
	at org.testng.SuiteRunnerWorker.run(SuiteRunnerWorker.java:86)
	at org.testng.TestNG.runSuitesSequentially(TestNG.java:1244)
	at org.testng.TestNG.runSuitesLocally(TestNG.java:1169)
	at org.testng.TestNG.run(TestNG.java:1064)
	at org.testing.trigger.Runner.main(Runner.java:53)
</pre></div></td>
<td>0</td>
<td>org.testing.TestScripts.Final_TC1@16f7c8c1</td></tr>
</table><p>
<table width='100%' border='1' class='invocation-skipped'>
<tr><td colspan='4' align='center'><b>SKIPPED CONFIGURATIONS</b></td></tr>
<tr><td><b>Test method</b></td>
<td width="30%"><b>Exception</b></td>
<td width="10%"><b>Time (seconds)</b></td>
<td><b>Instance</b></td>
</tr>
<tr>
<td title='org.testing.TestScripts.Final_TC2.browser_launch()'><b>browser_launch</b><br>Test class: org.testing.TestScripts.Final_TC2</td>
<td></td>
<td>0</td>
<td>org.testing.TestScripts.Final_TC2@2f0a87b3</td></tr>
<tr>
<td title='org.testing.TestScripts.Final_TC3.browser_launch()'><b>browser_launch</b><br>Test class: org.testing.TestScripts.Final_TC3</td>
<td></td>
<td>0</td>
<td>org.testing.TestScripts.Final_TC3@319b92f3</td></tr>
<tr>
<td title='org.testing.TestScripts.Final_TC4.browser_launch()'><b>browser_launch</b><br>Test class: org.testing.TestScripts.Final_TC4</td>
<td></td>
<td>0</td>
<td>org.testing.TestScripts.Final_TC4@fcd6521</td></tr>
<tr>
<td title='org.testing.TestScripts.Final_TC5.browser_launch()'><b>browser_launch</b><br>Test class: org.testing.TestScripts.Final_TC5</td>
<td></td>
<td>0</td>
<td>org.testing.TestScripts.Final_TC5@27d415d9</td></tr>
<tr>
<td title='org.testing.TestScripts.Final_TC6.browser_launch()'><b>browser_launch</b><br>Test class: org.testing.TestScripts.Final_TC6</td>
<td></td>
<td>0</td>
<td>org.testing.TestScripts.Final_TC6@5c18298f</td></tr>
<tr>
<td title='org.testing.TestScripts.Final_TC7.browser_launch()'><b>browser_launch</b><br>Test class: org.testing.TestScripts.Final_TC7</td>
<td></td>
<td>0</td>
<td>org.testing.TestScripts.Final_TC7@31f924f5</td></tr>
<tr>
<td title='org.testing.TestScripts.Final_TC8.browser_launch()'><b>browser_launch</b><br>Test class: org.testing.TestScripts.Final_TC8</td>
<td></td>
<td>0</td>
<td>org.testing.TestScripts.Final_TC8@5579bb86</td></tr>
<tr>
<td title='org.testing.TestScripts.Final_TC1.TestCase_TC1_Login()'><b>TestCase_TC1_Login</b><br>Test class: org.testing.TestScripts.Final_TC1</td>
<td></td>
<td>0</td>
<td>org.testing.TestScripts.Final_TC1@16f7c8c1</td></tr>
<tr>
<td title='org.testing.TestScripts.Final_TC2.TestCase_TC1_Login()'><b>TestCase_TC1_Login</b><br>Test class: org.testing.TestScripts.Final_TC2</td>
<td></td>
<td>0</td>
<td>org.testing.TestScripts.Final_TC2@2f0a87b3</td></tr>
<tr>
<td title='org.testing.TestScripts.Final_TC3.TestCase_TC1_Login()'><b>TestCase_TC1_Login</b><br>Test class: org.testing.TestScripts.Final_TC3</td>
<td></td>
<td>0</td>
<td>org.testing.TestScripts.Final_TC3@319b92f3</td></tr>
<tr>
<td title='org.testing.TestScripts.Final_TC4.TestCase_TC1_Login()'><b>TestCase_TC1_Login</b><br>Test class: org.testing.TestScripts.Final_TC4</td>
<td></td>
<td>0</td>
<td>org.testing.TestScripts.Final_TC4@fcd6521</td></tr>
<tr>
<td title='org.testing.TestScripts.Final_TC5.TestCase_TC1_Login()'><b>TestCase_TC1_Login</b><br>Test class: org.testing.TestScripts.Final_TC5</td>
<td></td>
<td>0</td>
<td>org.testing.TestScripts.Final_TC5@27d415d9</td></tr>
<tr>
<td title='org.testing.TestScripts.Final_TC6.TestCase_TC1_Login()'><b>TestCase_TC1_Login</b><br>Test class: org.testing.TestScripts.Final_TC6</td>
<td></td>
<td>0</td>
<td>org.testing.TestScripts.Final_TC6@5c18298f</td></tr>
<tr>
<td title='org.testing.TestScripts.Final_TC7.TestCase_TC1_Login()'><b>TestCase_TC1_Login</b><br>Test class: org.testing.TestScripts.Final_TC7</td>
<td></td>
<td>0</td>
<td>org.testing.TestScripts.Final_TC7@31f924f5</td></tr>
<tr>
<td title='org.testing.TestScripts.Final_TC8.TestCase_TC1_Login()'><b>TestCase_TC1_Login</b><br>Test class: org.testing.TestScripts.Final_TC8</td>
<td></td>
<td>0</td>
<td>org.testing.TestScripts.Final_TC8@5579bb86</td></tr>
<tr>
<td title='org.testing.TestScripts.Final_TC1.TestCase_TC1_Logout()'><b>TestCase_TC1_Logout</b><br>Test class: org.testing.TestScripts.Final_TC1</td>
<td></td>
<td>0</td>
<td>org.testing.TestScripts.Final_TC1@16f7c8c1</td></tr>
<tr>
<td title='org.testing.TestScripts.Final_TC2.TestCase_TC1_Logout()'><b>TestCase_TC1_Logout</b><br>Test class: org.testing.TestScripts.Final_TC2</td>
<td></td>
<td>0</td>
<td>org.testing.TestScripts.Final_TC2@2f0a87b3</td></tr>
<tr>
<td title='org.testing.TestScripts.Final_TC3.TestCase_TC1_Logout()'><b>TestCase_TC1_Logout</b><br>Test class: org.testing.TestScripts.Final_TC3</td>
<td></td>
<td>0</td>
<td>org.testing.TestScripts.Final_TC3@319b92f3</td></tr>
<tr>
<td title='org.testing.TestScripts.Final_TC4.TestCase_TC1_Logout()'><b>TestCase_TC1_Logout</b><br>Test class: org.testing.TestScripts.Final_TC4</td>
<td></td>
<td>0</td>
<td>org.testing.TestScripts.Final_TC4@fcd6521</td></tr>
<tr>
<td title='org.testing.TestScripts.Final_TC5.TestCase_TC1_Logout()'><b>TestCase_TC1_Logout</b><br>Test class: org.testing.TestScripts.Final_TC5</td>
<td></td>
<td>0</td>
<td>org.testing.TestScripts.Final_TC5@27d415d9</td></tr>
<tr>
<td title='org.testing.TestScripts.Final_TC6.TestCase_TC1_Logout()'><b>TestCase_TC1_Logout</b><br>Test class: org.testing.TestScripts.Final_TC6</td>
<td></td>
<td>0</td>
<td>org.testing.TestScripts.Final_TC6@5c18298f</td></tr>
<tr>
<td title='org.testing.TestScripts.Final_TC7.TestCase_TC1_Logout()'><b>TestCase_TC1_Logout</b><br>Test class: org.testing.TestScripts.Final_TC7</td>
<td></td>
<td>0</td>
<td>org.testing.TestScripts.Final_TC7@31f924f5</td></tr>
<tr>
<td title='org.testing.TestScripts.Final_TC8.TestCase_TC1_Logout()'><b>TestCase_TC1_Logout</b><br>Test class: org.testing.TestScripts.Final_TC8</td>
<td></td>
<td>0</td>
<td>org.testing.TestScripts.Final_TC8@5579bb86</td></tr>
<tr>
<td title='org.testing.TestScripts.Final_TC1.browser_close()'><b>browser_close</b><br>Test class: org.testing.TestScripts.Final_TC1</td>
<td></td>
<td>0</td>
<td>org.testing.TestScripts.Final_TC1@16f7c8c1</td></tr>
<tr>
<td title='org.testing.TestScripts.Final_TC2.browser_close()'><b>browser_close</b><br>Test class: org.testing.TestScripts.Final_TC2</td>
<td></td>
<td>0</td>
<td>org.testing.TestScripts.Final_TC2@2f0a87b3</td></tr>
<tr>
<td title='org.testing.TestScripts.Final_TC3.browser_close()'><b>browser_close</b><br>Test class: org.testing.TestScripts.Final_TC3</td>
<td></td>
<td>0</td>
<td>org.testing.TestScripts.Final_TC3@319b92f3</td></tr>
<tr>
<td title='org.testing.TestScripts.Final_TC4.browser_close()'><b>browser_close</b><br>Test class: org.testing.TestScripts.Final_TC4</td>
<td></td>
<td>0</td>
<td>org.testing.TestScripts.Final_TC4@fcd6521</td></tr>
<tr>
<td title='org.testing.TestScripts.Final_TC5.browser_close()'><b>browser_close</b><br>Test class: org.testing.TestScripts.Final_TC5</td>
<td></td>
<td>0</td>
<td>org.testing.TestScripts.Final_TC5@27d415d9</td></tr>
<tr>
<td title='org.testing.TestScripts.Final_TC6.browser_close()'><b>browser_close</b><br>Test class: org.testing.TestScripts.Final_TC6</td>
<td></td>
<td>0</td>
<td>org.testing.TestScripts.Final_TC6@5c18298f</td></tr>
<tr>
<td title='org.testing.TestScripts.Final_TC7.browser_close()'><b>browser_close</b><br>Test class: org.testing.TestScripts.Final_TC7</td>
<td></td>
<td>0</td>
<td>org.testing.TestScripts.Final_TC7@31f924f5</td></tr>
<tr>
<td title='org.testing.TestScripts.Final_TC8.browser_close()'><b>browser_close</b><br>Test class: org.testing.TestScripts.Final_TC8</td>
<td></td>
<td>0</td>
<td>org.testing.TestScripts.Final_TC8@5579bb86</td></tr>
</table><p>
<table width='100%' border='1' class='invocation-skipped'>
<tr><td colspan='4' align='center'><b>SKIPPED TESTS</b></td></tr>
<tr><td><b>Test method</b></td>
<td width="30%"><b>Exception</b></td>
<td width="10%"><b>Time (seconds)</b></td>
<td><b>Instance</b></td>
</tr>
<tr>
<td title='org.testing.TestScripts.Final_TC2.Click_History()'><b>Click_History</b><br>Test class: org.testing.TestScripts.Final_TC2</td>
<td></td>
<td>0</td>
<td>org.testing.TestScripts.Final_TC2@2f0a87b3</td></tr>
<tr>
<td title='org.testing.TestScripts.Final_TC8.Click_Learning()'><b>Click_Learning</b><br>Test class: org.testing.TestScripts.Final_TC8</td>
<td></td>
<td>0</td>
<td>org.testing.TestScripts.Final_TC8@5579bb86</td></tr>
<tr>
<td title='org.testing.TestScripts.Final_TC3.Click_Subscription()'><b>Click_Subscription</b><br>Test class: org.testing.TestScripts.Final_TC3</td>
<td></td>
<td>0</td>
<td>org.testing.TestScripts.Final_TC3@319b92f3</td></tr>
<tr>
<td title='org.testing.TestScripts.Final_TC7.Click_Watch_Later()'><b>Click_Watch_Later</b><br>Test class: org.testing.TestScripts.Final_TC7</td>
<td></td>
<td>0</td>
<td>org.testing.TestScripts.Final_TC7@31f924f5</td></tr>
<tr>
<td title='org.testing.TestScripts.Final_TC1.Trending_Click()'><b>Trending_Click</b><br>Test class: org.testing.TestScripts.Final_TC1</td>
<td></td>
<td>0</td>
<td>org.testing.TestScripts.Final_TC1@16f7c8c1</td></tr>
<tr>
<td title='org.testing.TestScripts.Final_TC5.VideoPlay_and_Channel_Subscribe()'><b>VideoPlay_and_Channel_Subscribe</b><br>Test class: org.testing.TestScripts.Final_TC5</td>
<td></td>
<td>0</td>
<td>org.testing.TestScripts.Final_TC5@27d415d9</td></tr>
<tr>
<td title='org.testing.TestScripts.Final_TC6.video_play_and_Comment()'><b>video_play_and_Comment</b><br>Test class: org.testing.TestScripts.Final_TC6</td>
<td></td>
<td>0</td>
<td>org.testing.TestScripts.Final_TC6@5c18298f</td></tr>
<tr>
<td title='org.testing.TestScripts.Final_TC4.videoplay_and_Like()'><b>videoplay_and_Like</b><br>Test class: org.testing.TestScripts.Final_TC4</td>
<td></td>
<td>0</td>
<td>org.testing.TestScripts.Final_TC4@fcd6521</td></tr>
</table><p>
</body>
</html>